Building DAG of jobs...
Using shell: /bin/bash
Provided cores: 1
Rules claiming more threads will be scaled down.
Job counts:
	count	jobs
	1	all
	1	make_graphs
	1	make_pdf
	3

[Sun Oct 14 16:40:41 2018]
rule make_graphs:
    input: input/code/Analysis.R, input/raw_data/restaurant_ranking.csv
    output: output/graphs/graph_1.png, output/graphs/graph_2.png, output/data/corr.tex
    jobid: 2

Waiting at most 5 seconds for missing files.
MissingOutputException in line 51 of /Users/luisa/Desktop/Carrer_Project/Snakefile:
Missing files after 5 seconds:
output/graphs/graph_1.png
output/graphs/graph_2.png
output/data/corr.tex
This might be due to filesystem latency. If that is the case, consider to increase the wait time with --latency-wait.
Shutting down, this might take some time.
Exiting because a job execution failed. Look above for error message
Complete log: /Users/luisa/Desktop/Carrer_Project/.snakemake/log/2018-10-14T164041.107478.snakemake.log
