Building DAG of jobs...
Using shell: /bin/bash
Provided cores: 1
Rules claiming more threads will be scaled down.
Job counts:
	count	jobs
	1	all
	1	make_graphs
	1	make_pdf
	1	scrape_ranking
	4

[Sun Oct 14 16:42:06 2018]
rule scrape_ranking:
    input: input/code/scrape_ranking.py
    output: input/raw_data/restaurant_ranking.csv
    jobid: 3

[Sun Oct 14 16:42:19 2018]
Finished job 3.
1 of 4 steps (25%) done

[Sun Oct 14 16:42:19 2018]
rule make_graphs:
    input: input/code/Analysis.R, input/raw_data/restaurant_ranking.csv
    output: output/graphs/graph_1.png, output/graphs/graph_2.png, output/data/corr.tex
    jobid: 2

[Sun Oct 14 16:42:24 2018]
Finished job 2.
2 of 4 steps (50%) done

[Sun Oct 14 16:42:24 2018]
rule make_pdf:
    input: input/code/Report.tex, output/graphs/graph_1.png, output/graphs/graph_2.png
    output: output/Report.pdf
    jobid: 1

Shutting down, this might take some time.
Exiting because a job execution failed. Look above for error message
Complete log: /Users/luisa/Desktop/Carrer_Project/.snakemake/log/2018-10-14T164206.226012.snakemake.log
